<?xml version="1.0" encoding="UTF-8"?>
<testng-results ignored="0" total="2" passed="2" failed="0" skipped="0">
  <reporter-output>
  </reporter-output>
  <suite started-at="2024-07-14T01:31:11 IST" name="Default suite" finished-at="2024-07-14T01:31:15 IST" duration-ms="4071">
    <groups>
    </groups>
    <test started-at="2024-07-14T01:31:11 IST" name="Default test" finished-at="2024-07-14T01:31:15 IST" duration-ms="4071">
      <class name="httpMethods.PostRequest">
        <test-method signature="Post_Pojo()[pri:0, instance:httpMethods.PostRequest@729d991e]" started-at="2024-07-14T01:31:11 IST" name="Post_Pojo" finished-at="2024-07-14T01:31:14 IST" duration-ms="3392" status="PASS">
          <reporter-output>
          </reporter-output>
        </test-method> <!-- Post_Pojo -->
        <test-method signature="PostwithHashMap()[pri:0, instance:httpMethods.PostRequest@729d991e]" started-at="2024-07-14T01:31:14 IST" name="PostwithHashMap" finished-at="2024-07-14T01:31:15 IST" duration-ms="634" status="PASS">
          <reporter-output>
          </reporter-output>
        </test-method> <!-- PostwithHashMap -->
      </class> <!-- httpMethods.PostRequest -->
    </test> <!-- Default test -->
  </suite> <!-- Default suite -->
</testng-results>
